[16-Mar-2020 12:57:32 Asia/Tokyo] POSTされたぞ
[16-Mar-2020 12:58:33 Asia/Tokyo] POSTされたぞ
[16-Mar-2020 12:58:44 Asia/Tokyo] POSTされたぞ
[16-Mar-2020 12:59:18 Asia/Tokyo] POSTされたぞ
[16-Mar-2020 12:59:21 Asia/Tokyo] POSTされたぞ
[16-Mar-2020 12:59:57 Asia/Tokyo] POSTされたぞ
[16-Mar-2020 12:59:59 Asia/Tokyo] POSTされたぞ
[16-Mar-2020 13:00:00 Asia/Tokyo] POSTされたぞ
[16-Mar-2020 13:02:02 Asia/Tokyo] デバッグ:$resultFlgの中身
[16-Mar-2020 13:02:02 Asia/Tokyo] POSTされたぞ
[16-Mar-2020 13:03:35 Asia/Tokyo] デバッグ:$resultFlgの中身:
[16-Mar-2020 13:03:35 Asia/Tokyo] POSTされたぞ
[16-Mar-2020 13:03:41 Asia/Tokyo] デバッグ:$resultFlgの中身:
[16-Mar-2020 13:03:42 Asia/Tokyo] デバッグ:$resultFlgの中身:
[16-Mar-2020 13:03:42 Asia/Tokyo] POSTされたぞ
[16-Mar-2020 13:03:44 Asia/Tokyo] デバッグ:$resultFlgの中身:
[16-Mar-2020 13:03:44 Asia/Tokyo] POSTされたぞ
[16-Mar-2020 13:03:45 Asia/Tokyo] デバッグ:$resultFlgの中身:
[16-Mar-2020 13:03:45 Asia/Tokyo] POSTされたぞ
[16-Mar-2020 13:05:25 Asia/Tokyo] PHP Notice:  Undefined variable: resultFlg in /Applications/MAMP/htdocs/object_output/game.php on line 169
[16-Mar-2020 13:05:25 Asia/Tokyo] デバッグ:$resultFlgの中身:
[16-Mar-2020 13:05:25 Asia/Tokyo] POSTされたぞ
[16-Mar-2020 13:05:40 Asia/Tokyo] PHP Notice:  Undefined variable: resultFlg in /Applications/MAMP/htdocs/object_output/game.php on line 169
[16-Mar-2020 13:05:40 Asia/Tokyo] デバッグ:$resultFlgの中身:
[16-Mar-2020 13:05:40 Asia/Tokyo] POSTされたぞ
[16-Mar-2020 13:05:41 Asia/Tokyo] PHP Notice:  Undefined variable: resultFlg in /Applications/MAMP/htdocs/object_output/game.php on line 169
[16-Mar-2020 13:05:41 Asia/Tokyo] デバッグ:$resultFlgの中身:
[16-Mar-2020 13:05:41 Asia/Tokyo] POSTされたぞ
[16-Mar-2020 13:08:21 Asia/Tokyo] POSTされたぞ
[16-Mar-2020 13:08:32 Asia/Tokyo] POSTされたぞ
[16-Mar-2020 13:08:37 Asia/Tokyo] POSTされたぞ
[16-Mar-2020 13:08:38 Asia/Tokyo] POSTされたぞ
[16-Mar-2020 13:08:38 Asia/Tokyo] POSTされたぞ
[16-Mar-2020 13:08:39 Asia/Tokyo] POSTされたぞ
[16-Mar-2020 13:08:40 Asia/Tokyo] POSTされたぞ
[16-Mar-2020 13:08:40 Asia/Tokyo] POSTされたぞ
[16-Mar-2020 13:08:41 Asia/Tokyo] POSTされたぞ
[16-Mar-2020 13:08:41 Asia/Tokyo] POSTされたぞ
[16-Mar-2020 13:08:42 Asia/Tokyo] POSTされたぞ
[16-Mar-2020 13:08:42 Asia/Tokyo] POSTされたぞ
[16-Mar-2020 13:08:43 Asia/Tokyo] POSTされたぞ
[16-Mar-2020 13:08:44 Asia/Tokyo] POSTされたぞ
[16-Mar-2020 13:08:45 Asia/Tokyo] POSTされたぞ
[16-Mar-2020 13:08:45 Asia/Tokyo] POSTされたぞ
[16-Mar-2020 13:08:46 Asia/Tokyo] POSTされたぞ
[16-Mar-2020 13:08:47 Asia/Tokyo] POSTされたぞ
[16-Mar-2020 13:08:55 Asia/Tokyo] POSTされたぞ
[16-Mar-2020 13:09:49 Asia/Tokyo] POSTされたぞ
[16-Mar-2020 13:09:52 Asia/Tokyo] POSTされたぞ
[16-Mar-2020 13:09:52 Asia/Tokyo] POSTされたぞ
[16-Mar-2020 13:09:53 Asia/Tokyo] POSTされたぞ
[16-Mar-2020 13:09:53 Asia/Tokyo] POSTされたぞ
[16-Mar-2020 13:09:54 Asia/Tokyo] POSTされたぞ
[16-Mar-2020 13:09:55 Asia/Tokyo] POSTされたぞ
[16-Mar-2020 13:09:55 Asia/Tokyo] POSTされたぞ
[16-Mar-2020 13:09:55 Asia/Tokyo] POSTされたぞ
[16-Mar-2020 13:09:56 Asia/Tokyo] POSTされたぞ
[16-Mar-2020 13:09:56 Asia/Tokyo] POSTされたぞ
[16-Mar-2020 13:09:56 Asia/Tokyo] POSTされたぞ
[16-Mar-2020 13:09:56 Asia/Tokyo] POSTされたぞ
[16-Mar-2020 13:09:57 Asia/Tokyo] POSTされたぞ
[16-Mar-2020 13:09:57 Asia/Tokyo] POSTされたぞ
[16-Mar-2020 13:09:57 Asia/Tokyo] POSTされたぞ
[16-Mar-2020 13:09:57 Asia/Tokyo] POSTされたぞ
[16-Mar-2020 13:09:58 Asia/Tokyo] POSTされたぞ
[16-Mar-2020 13:09:58 Asia/Tokyo] POSTされたぞ
[16-Mar-2020 13:09:58 Asia/Tokyo] POSTされたぞ
[16-Mar-2020 13:10:01 Asia/Tokyo] POSTされたぞ
[16-Mar-2020 13:14:14 Asia/Tokyo] POSTされたぞ
[16-Mar-2020 13:14:16 Asia/Tokyo] POSTされたぞ
[16-Mar-2020 13:14:16 Asia/Tokyo] POSTされたぞ
[16-Mar-2020 13:14:16 Asia/Tokyo] POSTされたぞ
[16-Mar-2020 13:14:16 Asia/Tokyo] POSTされたぞ
[16-Mar-2020 13:14:16 Asia/Tokyo] POSTされたぞ
[16-Mar-2020 13:14:16 Asia/Tokyo] POSTされたぞ
[16-Mar-2020 13:14:17 Asia/Tokyo] POSTされたぞ
[16-Mar-2020 13:14:17 Asia/Tokyo] POSTされたぞ
[16-Mar-2020 13:14:17 Asia/Tokyo] POSTされたぞ
[16-Mar-2020 13:14:17 Asia/Tokyo] POSTされたぞ
[16-Mar-2020 13:14:17 Asia/Tokyo] POSTされたぞ
[16-Mar-2020 13:14:17 Asia/Tokyo] POSTされたぞ
[16-Mar-2020 13:14:18 Asia/Tokyo] POSTされたぞ
[16-Mar-2020 13:14:18 Asia/Tokyo] POSTされたぞ
[16-Mar-2020 13:14:18 Asia/Tokyo] POSTされたぞ
[16-Mar-2020 13:14:19 Asia/Tokyo] POSTされたぞ
[16-Mar-2020 13:15:30 Asia/Tokyo] POSTされたぞ
[16-Mar-2020 13:15:50 Asia/Tokyo] POSTされたぞ
[16-Mar-2020 13:17:21 Asia/Tokyo] POSTされたぞ
[16-Mar-2020 13:17:52 Asia/Tokyo] POSTされたぞ
[16-Mar-2020 13:18:09 Asia/Tokyo] POSTされたぞ
[16-Mar-2020 13:18:17 Asia/Tokyo] POSTされたぞ
[16-Mar-2020 13:18:25 Asia/Tokyo] POSTされたぞ
[16-Mar-2020 13:18:34 Asia/Tokyo] POSTされたぞ
[16-Mar-2020 13:18:44 Asia/Tokyo] POSTされたぞ
[16-Mar-2020 13:18:45 Asia/Tokyo] POSTされたぞ
[16-Mar-2020 13:18:47 Asia/Tokyo] POSTされたぞ
[16-Mar-2020 13:19:21 Asia/Tokyo] POSTされたぞ
[16-Mar-2020 13:19:22 Asia/Tokyo] POSTされたぞ
[16-Mar-2020 13:19:29 Asia/Tokyo] POSTされたぞ
[16-Mar-2020 13:19:30 Asia/Tokyo] POSTされたぞ
[16-Mar-2020 13:20:48 Asia/Tokyo] POSTされたぞ
[16-Mar-2020 13:20:51 Asia/Tokyo] POSTされたぞ
[16-Mar-2020 13:20:52 Asia/Tokyo] POSTされたぞ
[16-Mar-2020 13:20:55 Asia/Tokyo] POSTされたぞ
[16-Mar-2020 13:20:57 Asia/Tokyo] POSTされたぞ
[16-Mar-2020 13:20:58 Asia/Tokyo] POSTされたぞ
[16-Mar-2020 13:21:00 Asia/Tokyo] POSTされたぞ
[16-Mar-2020 13:21:40 Asia/Tokyo] POSTされたぞ
[16-Mar-2020 13:21:41 Asia/Tokyo] POSTされたぞ
[16-Mar-2020 13:21:41 Asia/Tokyo] PHP Notice:  Undefined index: result in /Applications/MAMP/htdocs/object_output/game.php on line 162
[16-Mar-2020 13:21:46 Asia/Tokyo] POSTされたぞ
[16-Mar-2020 13:21:46 Asia/Tokyo] PHP Notice:  Undefined index: result in /Applications/MAMP/htdocs/object_output/game.php on line 162
[16-Mar-2020 13:21:47 Asia/Tokyo] POSTされたぞ
[16-Mar-2020 13:21:47 Asia/Tokyo] PHP Notice:  Undefined index: result in /Applications/MAMP/htdocs/object_output/game.php on line 162
[16-Mar-2020 13:21:47 Asia/Tokyo] POSTされたぞ
[16-Mar-2020 13:21:47 Asia/Tokyo] PHP Notice:  Undefined index: result in /Applications/MAMP/htdocs/object_output/game.php on line 162
[16-Mar-2020 13:21:48 Asia/Tokyo] POSTされたぞ
[16-Mar-2020 13:21:48 Asia/Tokyo] PHP Notice:  Undefined index: result in /Applications/MAMP/htdocs/object_output/game.php on line 162
[16-Mar-2020 13:21:49 Asia/Tokyo] POSTされたぞ
[16-Mar-2020 13:21:49 Asia/Tokyo] PHP Notice:  Undefined index: result in /Applications/MAMP/htdocs/object_output/game.php on line 162
[16-Mar-2020 13:21:50 Asia/Tokyo] POSTされたぞ
[16-Mar-2020 13:21:50 Asia/Tokyo] PHP Notice:  Undefined index: result in /Applications/MAMP/htdocs/object_output/game.php on line 162
[16-Mar-2020 13:21:51 Asia/Tokyo] POSTされたぞ
[16-Mar-2020 13:21:51 Asia/Tokyo] PHP Notice:  Undefined index: result in /Applications/MAMP/htdocs/object_output/game.php on line 162
[16-Mar-2020 13:21:51 Asia/Tokyo] POSTされたぞ
[16-Mar-2020 13:21:51 Asia/Tokyo] PHP Notice:  Undefined index: result in /Applications/MAMP/htdocs/object_output/game.php on line 162
[16-Mar-2020 13:21:51 Asia/Tokyo] POSTされたぞ
[16-Mar-2020 13:21:51 Asia/Tokyo] PHP Notice:  Undefined index: result in /Applications/MAMP/htdocs/object_output/game.php on line 162
[16-Mar-2020 13:21:52 Asia/Tokyo] POSTされたぞ
[16-Mar-2020 13:21:52 Asia/Tokyo] PHP Notice:  Undefined index: result in /Applications/MAMP/htdocs/object_output/game.php on line 162
[16-Mar-2020 13:21:52 Asia/Tokyo] POSTされたぞ
[16-Mar-2020 13:21:52 Asia/Tokyo] PHP Notice:  Undefined index: result in /Applications/MAMP/htdocs/object_output/game.php on line 162
[16-Mar-2020 13:21:52 Asia/Tokyo] POSTされたぞ
[16-Mar-2020 13:21:52 Asia/Tokyo] PHP Notice:  Undefined index: result in /Applications/MAMP/htdocs/object_output/game.php on line 162
[16-Mar-2020 13:21:52 Asia/Tokyo] POSTされたぞ
[16-Mar-2020 13:21:52 Asia/Tokyo] PHP Notice:  Undefined index: result in /Applications/MAMP/htdocs/object_output/game.php on line 162
[16-Mar-2020 13:21:52 Asia/Tokyo] POSTされたぞ
[16-Mar-2020 13:21:52 Asia/Tokyo] PHP Notice:  Undefined index: result in /Applications/MAMP/htdocs/object_output/game.php on line 162
[16-Mar-2020 13:21:53 Asia/Tokyo] POSTされたぞ
[16-Mar-2020 13:21:58 Asia/Tokyo] POSTされたぞ
[16-Mar-2020 13:22:02 Asia/Tokyo] POSTされたぞ
[16-Mar-2020 13:22:40 Asia/Tokyo] POSTされたぞ
[16-Mar-2020 13:22:40 Asia/Tokyo] PHP Notice:  Undefined index: result in /Applications/MAMP/htdocs/object_output/game.php on line 162
[16-Mar-2020 13:22:41 Asia/Tokyo] POSTされたぞ
[16-Mar-2020 13:22:41 Asia/Tokyo] PHP Notice:  Undefined index: result in /Applications/MAMP/htdocs/object_output/game.php on line 162
[16-Mar-2020 13:22:41 Asia/Tokyo] POSTされたぞ
[16-Mar-2020 13:22:41 Asia/Tokyo] PHP Notice:  Undefined index: result in /Applications/MAMP/htdocs/object_output/game.php on line 162
[16-Mar-2020 13:22:41 Asia/Tokyo] POSTされたぞ
[16-Mar-2020 13:22:41 Asia/Tokyo] PHP Notice:  Undefined index: result in /Applications/MAMP/htdocs/object_output/game.php on line 162
[16-Mar-2020 13:22:42 Asia/Tokyo] POSTされたぞ
[16-Mar-2020 13:22:42 Asia/Tokyo] PHP Notice:  Undefined index: result in /Applications/MAMP/htdocs/object_output/game.php on line 162
[16-Mar-2020 13:22:42 Asia/Tokyo] POSTされたぞ
[16-Mar-2020 13:22:42 Asia/Tokyo] PHP Notice:  Undefined index: result in /Applications/MAMP/htdocs/object_output/game.php on line 162
[16-Mar-2020 13:22:42 Asia/Tokyo] POSTされたぞ
[16-Mar-2020 13:22:42 Asia/Tokyo] PHP Notice:  Undefined index: result in /Applications/MAMP/htdocs/object_output/game.php on line 162
[16-Mar-2020 13:22:42 Asia/Tokyo] POSTされたぞ
[16-Mar-2020 13:22:42 Asia/Tokyo] PHP Notice:  Undefined index: result in /Applications/MAMP/htdocs/object_output/game.php on line 162
[16-Mar-2020 13:22:43 Asia/Tokyo] POSTされたぞ
[16-Mar-2020 13:22:43 Asia/Tokyo] PHP Notice:  Undefined index: result in /Applications/MAMP/htdocs/object_output/game.php on line 162
[16-Mar-2020 13:22:43 Asia/Tokyo] POSTされたぞ
[16-Mar-2020 13:22:43 Asia/Tokyo] PHP Notice:  Undefined index: result in /Applications/MAMP/htdocs/object_output/game.php on line 162
[16-Mar-2020 13:22:43 Asia/Tokyo] POSTされたぞ
[16-Mar-2020 13:22:43 Asia/Tokyo] PHP Notice:  Undefined index: result in /Applications/MAMP/htdocs/object_output/game.php on line 162
[16-Mar-2020 13:22:43 Asia/Tokyo] POSTされたぞ
[16-Mar-2020 13:22:43 Asia/Tokyo] PHP Notice:  Undefined index: result in /Applications/MAMP/htdocs/object_output/game.php on line 162
[16-Mar-2020 13:22:44 Asia/Tokyo] POSTされたぞ
[16-Mar-2020 13:22:44 Asia/Tokyo] PHP Notice:  Undefined index: result in /Applications/MAMP/htdocs/object_output/game.php on line 162
[16-Mar-2020 13:22:45 Asia/Tokyo] POSTされたぞ
[16-Mar-2020 13:22:45 Asia/Tokyo] PHP Notice:  Undefined index: result in /Applications/MAMP/htdocs/object_output/game.php on line 162
[16-Mar-2020 13:22:45 Asia/Tokyo] POSTされたぞ
[16-Mar-2020 13:22:45 Asia/Tokyo] PHP Notice:  Undefined index: result in /Applications/MAMP/htdocs/object_output/game.php on line 162
[16-Mar-2020 13:22:46 Asia/Tokyo] POSTされたぞ
[16-Mar-2020 13:22:46 Asia/Tokyo] PHP Notice:  Undefined index: result in /Applications/MAMP/htdocs/object_output/game.php on line 162
[16-Mar-2020 13:22:47 Asia/Tokyo] POSTされたぞ
[16-Mar-2020 13:24:43 Asia/Tokyo] POSTされたぞ
[16-Mar-2020 13:24:44 Asia/Tokyo] POSTされたぞ
[16-Mar-2020 13:24:46 Asia/Tokyo] POSTされたぞ
[16-Mar-2020 13:24:46 Asia/Tokyo] PHP Notice:  Undefined index: result in /Applications/MAMP/htdocs/object_output/game.php on line 162
[16-Mar-2020 13:24:47 Asia/Tokyo] POSTされたぞ
[16-Mar-2020 13:24:47 Asia/Tokyo] PHP Notice:  Undefined index: result in /Applications/MAMP/htdocs/object_output/game.php on line 162
[16-Mar-2020 13:24:56 Asia/Tokyo] PHP Notice:  Undefined index: result in /Applications/MAMP/htdocs/object_output/game.php on line 162
[16-Mar-2020 13:24:56 Asia/Tokyo] PHP Notice:  Undefined variable: resultFlg in /Applications/MAMP/htdocs/object_output/index.php on line 19
[16-Mar-2020 13:24:56 Asia/Tokyo] PHP Notice:  Undefined variable: startFlg in /Applications/MAMP/htdocs/object_output/index.php on line 29
[16-Mar-2020 13:25:02 Asia/Tokyo] PHP Notice:  Undefined index: result in /Applications/MAMP/htdocs/object_output/game.php on line 162
[16-Mar-2020 13:25:02 Asia/Tokyo] PHP Notice:  Undefined variable: resultFlg in /Applications/MAMP/htdocs/object_output/index.php on line 19
[16-Mar-2020 13:25:02 Asia/Tokyo] PHP Notice:  Undefined variable: startFlg in /Applications/MAMP/htdocs/object_output/index.php on line 29
[16-Mar-2020 13:25:18 Asia/Tokyo] PHP Notice:  Undefined index: result in /Applications/MAMP/htdocs/object_output/game.php on line 162
[16-Mar-2020 13:25:18 Asia/Tokyo] PHP Notice:  Undefined variable: resultFlg in /Applications/MAMP/htdocs/object_output/index.php on line 19
[16-Mar-2020 13:25:20 Asia/Tokyo] POSTされたぞ
[16-Mar-2020 13:25:20 Asia/Tokyo] PHP Notice:  Undefined index: result in /Applications/MAMP/htdocs/object_output/game.php on line 162
[16-Mar-2020 13:25:21 Asia/Tokyo] POSTされたぞ
[16-Mar-2020 13:25:21 Asia/Tokyo] PHP Notice:  Undefined index: result in /Applications/MAMP/htdocs/object_output/game.php on line 162
[16-Mar-2020 13:25:21 Asia/Tokyo] POSTされたぞ
[16-Mar-2020 13:25:21 Asia/Tokyo] PHP Notice:  Undefined index: result in /Applications/MAMP/htdocs/object_output/game.php on line 162
[16-Mar-2020 13:25:21 Asia/Tokyo] POSTされたぞ
[16-Mar-2020 13:25:21 Asia/Tokyo] PHP Notice:  Undefined index: result in /Applications/MAMP/htdocs/object_output/game.php on line 162
[16-Mar-2020 13:25:21 Asia/Tokyo] POSTされたぞ
[16-Mar-2020 13:25:21 Asia/Tokyo] PHP Notice:  Undefined index: result in /Applications/MAMP/htdocs/object_output/game.php on line 162
[16-Mar-2020 13:25:21 Asia/Tokyo] POSTされたぞ
[16-Mar-2020 13:25:21 Asia/Tokyo] PHP Notice:  Undefined index: result in /Applications/MAMP/htdocs/object_output/game.php on line 162
[16-Mar-2020 13:25:21 Asia/Tokyo] POSTされたぞ
[16-Mar-2020 13:25:21 Asia/Tokyo] PHP Notice:  Undefined index: result in /Applications/MAMP/htdocs/object_output/game.php on line 162
[16-Mar-2020 13:25:22 Asia/Tokyo] POSTされたぞ
[16-Mar-2020 13:25:22 Asia/Tokyo] PHP Notice:  Undefined index: result in /Applications/MAMP/htdocs/object_output/game.php on line 162
[16-Mar-2020 13:25:22 Asia/Tokyo] POSTされたぞ
[16-Mar-2020 13:25:22 Asia/Tokyo] PHP Notice:  Undefined index: result in /Applications/MAMP/htdocs/object_output/game.php on line 162
[16-Mar-2020 13:25:22 Asia/Tokyo] POSTされたぞ
[16-Mar-2020 13:25:22 Asia/Tokyo] PHP Notice:  Undefined index: result in /Applications/MAMP/htdocs/object_output/game.php on line 162
[16-Mar-2020 13:25:23 Asia/Tokyo] POSTされたぞ
[16-Mar-2020 13:25:25 Asia/Tokyo] POSTされたぞ
[16-Mar-2020 13:29:34 Asia/Tokyo] POSTされたぞ
[16-Mar-2020 13:29:39 Asia/Tokyo] POSTされたぞ
[16-Mar-2020 13:29:44 Asia/Tokyo] POSTされたぞ
[16-Mar-2020 13:30:41 Asia/Tokyo] POSTされたぞ
[16-Mar-2020 13:31:53 Asia/Tokyo] PHP Notice:  Undefined variable: resultFlg in /Applications/MAMP/htdocs/object_output/index.php on line 23
[16-Mar-2020 13:32:43 Asia/Tokyo] PHP Notice:  Undefined variable: resultFlg in /Applications/MAMP/htdocs/object_output/index.php on line 23
[16-Mar-2020 13:33:32 Asia/Tokyo] PHP Notice:  Undefined variable: resultFlg in /Applications/MAMP/htdocs/object_output/index.php on line 23
[16-Mar-2020 13:34:12 Asia/Tokyo] PHP Notice:  Undefined variable: resultFlg in /Applications/MAMP/htdocs/object_output/index.php on line 23
[16-Mar-2020 13:34:48 Asia/Tokyo] PHP Notice:  Undefined variable: resultFlg in /Applications/MAMP/htdocs/object_output/index.php on line 21
[16-Mar-2020 13:34:49 Asia/Tokyo] POSTされたぞ
[16-Mar-2020 13:34:50 Asia/Tokyo] POSTされたぞ
[16-Mar-2020 13:34:50 Asia/Tokyo] POSTされたぞ
[16-Mar-2020 13:34:50 Asia/Tokyo] POSTされたぞ
[16-Mar-2020 13:34:50 Asia/Tokyo] POSTされたぞ
[16-Mar-2020 13:34:51 Asia/Tokyo] POSTされたぞ
[16-Mar-2020 13:34:51 Asia/Tokyo] POSTされたぞ
[16-Mar-2020 13:34:51 Asia/Tokyo] POSTされたぞ
[16-Mar-2020 13:34:51 Asia/Tokyo] POSTされたぞ
[16-Mar-2020 13:34:51 Asia/Tokyo] POSTされたぞ
[16-Mar-2020 13:34:52 Asia/Tokyo] POSTされたぞ
[16-Mar-2020 13:34:52 Asia/Tokyo] POSTされたぞ
[16-Mar-2020 13:34:52 Asia/Tokyo] POSTされたぞ
[16-Mar-2020 13:34:53 Asia/Tokyo] POSTされたぞ
[16-Mar-2020 13:35:00 Asia/Tokyo] POSTされたぞ
[16-Mar-2020 13:35:45 Asia/Tokyo] POSTされたぞ
[16-Mar-2020 13:35:46 Asia/Tokyo] POSTされたぞ
[16-Mar-2020 13:36:37 Asia/Tokyo] POSTされたぞ
[16-Mar-2020 13:36:38 Asia/Tokyo] POSTされたぞ
[16-Mar-2020 13:36:39 Asia/Tokyo] POSTされたぞ
[16-Mar-2020 13:36:39 Asia/Tokyo] POSTされたぞ
[16-Mar-2020 13:36:39 Asia/Tokyo] POSTされたぞ
[16-Mar-2020 13:36:39 Asia/Tokyo] POSTされたぞ
[16-Mar-2020 13:36:39 Asia/Tokyo] POSTされたぞ
[16-Mar-2020 13:36:40 Asia/Tokyo] POSTされたぞ
[16-Mar-2020 13:36:40 Asia/Tokyo] POSTされたぞ
[16-Mar-2020 13:36:40 Asia/Tokyo] POSTされたぞ
[16-Mar-2020 13:36:40 Asia/Tokyo] POSTされたぞ
[16-Mar-2020 13:36:40 Asia/Tokyo] POSTされたぞ
[16-Mar-2020 13:36:40 Asia/Tokyo] POSTされたぞ
[16-Mar-2020 13:36:40 Asia/Tokyo] POSTされたぞ
[16-Mar-2020 13:36:41 Asia/Tokyo] POSTされたぞ
[16-Mar-2020 13:38:11 Asia/Tokyo] POSTされたぞ
[16-Mar-2020 13:38:13 Asia/Tokyo] POSTされたぞ
[16-Mar-2020 13:38:15 Asia/Tokyo] POSTされたぞ
[16-Mar-2020 13:38:16 Asia/Tokyo] POSTされたぞ
[16-Mar-2020 13:38:16 Asia/Tokyo] POSTされたぞ
[16-Mar-2020 13:38:16 Asia/Tokyo] POSTされたぞ
[16-Mar-2020 13:38:16 Asia/Tokyo] POSTされたぞ
[16-Mar-2020 13:38:17 Asia/Tokyo] POSTされたぞ
[16-Mar-2020 13:38:17 Asia/Tokyo] POSTされたぞ
[16-Mar-2020 13:38:17 Asia/Tokyo] POSTされたぞ
[16-Mar-2020 13:38:17 Asia/Tokyo] POSTされたぞ
[16-Mar-2020 13:38:17 Asia/Tokyo] POSTされたぞ
[16-Mar-2020 13:38:18 Asia/Tokyo] POSTされたぞ
[16-Mar-2020 13:38:18 Asia/Tokyo] POSTされたぞ
[16-Mar-2020 13:38:18 Asia/Tokyo] POSTされたぞ
[16-Mar-2020 13:38:19 Asia/Tokyo] POSTされたぞ
[16-Mar-2020 13:38:22 Asia/Tokyo] POSTされたぞ
[16-Mar-2020 13:38:25 Asia/Tokyo] POSTされたぞ
[16-Mar-2020 13:47:12 Asia/Tokyo] POSTされたぞ
[16-Mar-2020 13:48:47 Asia/Tokyo] POSTされたぞ
[16-Mar-2020 13:48:58 Asia/Tokyo] POSTされたぞ
[16-Mar-2020 13:49:01 Asia/Tokyo] POSTされたぞ
[16-Mar-2020 13:49:10 Asia/Tokyo] POSTされたぞ
[16-Mar-2020 13:49:12 Asia/Tokyo] POSTされたぞ
[16-Mar-2020 13:49:16 Asia/Tokyo] POSTされたぞ
[16-Mar-2020 13:49:22 Asia/Tokyo] POSTされたぞ
[16-Mar-2020 13:49:22 Asia/Tokyo] POSTされたぞ
[16-Mar-2020 13:49:23 Asia/Tokyo] POSTされたぞ
[16-Mar-2020 13:49:23 Asia/Tokyo] PHP Notice:  Undefined variable: magicAttack in /Applications/MAMP/htdocs/object_output/game.php on line 109
[16-Mar-2020 13:49:23 Asia/Tokyo] PHP Notice:  Undefined variable: magicAttack in /Applications/MAMP/htdocs/object_output/game.php on line 110
[16-Mar-2020 13:53:34 Asia/Tokyo] POSTされたぞ
[16-Mar-2020 13:53:37 Asia/Tokyo] POSTされたぞ
[16-Mar-2020 13:53:42 Asia/Tokyo] POSTされたぞ
[16-Mar-2020 13:53:45 Asia/Tokyo] POSTされたぞ
[16-Mar-2020 13:53:46 Asia/Tokyo] POSTされたぞ
[16-Mar-2020 13:53:48 Asia/Tokyo] POSTされたぞ
[16-Mar-2020 13:53:51 Asia/Tokyo] POSTされたぞ
[16-Mar-2020 13:53:54 Asia/Tokyo] POSTされたぞ
[16-Mar-2020 13:53:55 Asia/Tokyo] POSTされたぞ
[16-Mar-2020 13:53:57 Asia/Tokyo] POSTされたぞ
[16-Mar-2020 13:53:57 Asia/Tokyo] PHP Notice:  Undefined variable: magicAttack in /Applications/MAMP/htdocs/object_output/game.php on line 109
[16-Mar-2020 13:53:57 Asia/Tokyo] PHP Notice:  Undefined variable: magicAttack in /Applications/MAMP/htdocs/object_output/game.php on line 110
[16-Mar-2020 13:53:57 Asia/Tokyo] PHP Notice:  Undefined property: MagicMonster::$ in /Applications/MAMP/htdocs/object_output/game.php on line 110
[16-Mar-2020 13:53:58 Asia/Tokyo] POSTされたぞ
[16-Mar-2020 13:53:59 Asia/Tokyo] POSTされたぞ
[16-Mar-2020 13:54:00 Asia/Tokyo] POSTされたぞ
[16-Mar-2020 13:54:01 Asia/Tokyo] POSTされたぞ
[16-Mar-2020 13:54:03 Asia/Tokyo] POSTされたぞ
[16-Mar-2020 13:54:04 Asia/Tokyo] POSTされたぞ
[16-Mar-2020 13:54:05 Asia/Tokyo] POSTされたぞ
[16-Mar-2020 13:54:06 Asia/Tokyo] POSTされたぞ
[16-Mar-2020 13:54:07 Asia/Tokyo] POSTされたぞ
[16-Mar-2020 13:54:07 Asia/Tokyo] PHP Notice:  Undefined variable: magicAttack in /Applications/MAMP/htdocs/object_output/game.php on line 109
[16-Mar-2020 13:54:07 Asia/Tokyo] PHP Notice:  Undefined variable: magicAttack in /Applications/MAMP/htdocs/object_output/game.php on line 110
[16-Mar-2020 13:54:07 Asia/Tokyo] PHP Notice:  Undefined property: MagicMonster::$ in /Applications/MAMP/htdocs/object_output/game.php on line 110
[16-Mar-2020 13:54:29 Asia/Tokyo] POSTされたぞ
[16-Mar-2020 13:54:29 Asia/Tokyo] PHP Notice:  Undefined variable: magicAttack in /Applications/MAMP/htdocs/object_output/game.php on line 109
[16-Mar-2020 13:54:36 Asia/Tokyo] POSTされたぞ
[16-Mar-2020 13:54:36 Asia/Tokyo] PHP Notice:  Undefined variable: magicAttack in /Applications/MAMP/htdocs/object_output/game.php on line 109
[16-Mar-2020 13:54:37 Asia/Tokyo] POSTされたぞ
[16-Mar-2020 13:54:38 Asia/Tokyo] POSTされたぞ
[16-Mar-2020 13:54:39 Asia/Tokyo] POSTされたぞ
[16-Mar-2020 13:54:39 Asia/Tokyo] POSTされたぞ
[16-Mar-2020 13:54:40 Asia/Tokyo] POSTされたぞ
[16-Mar-2020 13:54:40 Asia/Tokyo] POSTされたぞ
[16-Mar-2020 13:54:41 Asia/Tokyo] POSTされたぞ
[16-Mar-2020 13:54:41 Asia/Tokyo] PHP Notice:  Undefined variable: magicAttack in /Applications/MAMP/htdocs/object_output/game.php on line 109
[16-Mar-2020 13:54:41 Asia/Tokyo] POSTされたぞ
[16-Mar-2020 13:54:42 Asia/Tokyo] POSTされたぞ
[16-Mar-2020 13:54:44 Asia/Tokyo] POSTされたぞ
[16-Mar-2020 13:55:00 Asia/Tokyo] POSTされたぞ
[16-Mar-2020 13:55:02 Asia/Tokyo] POSTされたぞ
[16-Mar-2020 13:55:02 Asia/Tokyo] POSTされたぞ
[16-Mar-2020 13:55:03 Asia/Tokyo] POSTされたぞ
[16-Mar-2020 13:55:09 Asia/Tokyo] POSTされたぞ
